This file contains any messages produced by compilers while
running configure, to aid debugging if configure makes a mistake.

It was created by configure, which was
generated by GNU Autoconf 2.52.  Invocation command line was

  $ ./configure 

## ---------- ##
## Platform.  ##
## ---------- ##

hostname = hanjun-Precision-T3610
uname -m = x86_64
uname -r = 3.13.0-37-generic
uname -s = Linux
uname -v = #64-Ubuntu SMP Mon Sep 22 21:28:38 UTC 2014

/usr/bin/uname -p = unknown
/bin/uname -X     = unknown

/bin/arch              = unknown
/usr/bin/arch -k       = unknown
/usr/convex/getsysinfo = unknown
hostinfo               = unknown
/bin/machine           = unknown
/usr/bin/oslevel       = unknown
/bin/universe          = unknown

PATH = /usr/local/cuda/bin:/home/hanjun/Software/spark-1.2.1/bin:/usr/local/src/scala/scala-2.11.5/bin:/home/hanjun/Software/go/bin:/opt/intel/composer_xe_2015.1.133/bin/intel64:/opt/intel/composer_xe_2015.1.133/debugger/gdb/intel64_mic/bin:/usr/local/sbin:/usr/local/bin:/usr/sbin:/usr/bin:/sbin:/bin:/usr/games:/usr/local/games

## ------------ ##
## Core tests.  ##
## ------------ ##

configure:919: PATH=".;."; conftest.sh
./configure: 920: ./configure: conftest.sh: not found
configure:922: $? = 127
configure:967: checking build system type
configure:985: result: x86_64-unknown-linux-gnu
configure:992: checking host system type
configure:1006: result: x86_64-unknown-linux-gnu
configure:1013: checking target system type
configure:1027: result: x86_64-unknown-linux-gnu
configure:1344: checking for cc
configure:1359: found /usr/bin/cc
configure:1367: result: cc
configure:1668: checking for C compiler version
configure:1671: cc --version </dev/null >&5
cc (Ubuntu 4.8.2-19ubuntu1) 4.8.2
Copyright (C) 2013 Free Software Foundation, Inc.
This is free software; see the source for copying conditions.  There is NO
warranty; not even for MERCHANTABILITY or FITNESS FOR A PARTICULAR PURPOSE.

configure:1674: $? = 0
configure:1676: cc -v </dev/null >&5
Using built-in specs.
COLLECT_GCC=cc
COLLECT_LTO_WRAPPER=/usr/lib/gcc/x86_64-linux-gnu/4.8/lto-wrapper
Target: x86_64-linux-gnu
Configured with: ../src/configure -v --with-pkgversion='Ubuntu 4.8.2-19ubuntu1' --with-bugurl=file:///usr/share/doc/gcc-4.8/README.Bugs --enable-languages=c,c++,java,go,d,fortran,objc,obj-c++ --prefix=/usr --program-suffix=-4.8 --enable-shared --enable-linker-build-id --libexecdir=/usr/lib --without-included-gettext --enable-threads=posix --with-gxx-include-dir=/usr/include/c++/4.8 --libdir=/usr/lib --enable-nls --with-sysroot=/ --enable-clocale=gnu --enable-libstdcxx-debug --enable-libstdcxx-time=yes --enable-gnu-unique-object --disable-libmudflap --enable-plugin --with-system-zlib --disable-browser-plugin --enable-java-awt=gtk --enable-gtk-cairo --with-java-home=/usr/lib/jvm/java-1.5.0-gcj-4.8-amd64/jre --enable-java-home --with-jvm-root-dir=/usr/lib/jvm/java-1.5.0-gcj-4.8-amd64 --with-jvm-jar-dir=/usr/lib/jvm-exports/java-1.5.0-gcj-4.8-amd64 --with-arch-directory=amd64 --with-ecj-jar=/usr/share/java/eclipse-ecj.jar --enable-objc-gc --enable-multiarch --disable-werror --with-arch-32=i686 --with-abi=m64 --with-multilib-list=m32,m64,mx32 --with-tune=generic --enable-checking=release --build=x86_64-linux-gnu --host=x86_64-linux-gnu --target=x86_64-linux-gnu
Thread model: posix
gcc version 4.8.2 (Ubuntu 4.8.2-19ubuntu1) 
configure:1679: $? = 0
configure:1681: cc -V </dev/null >&5
cc: error: unrecognized command line option '-V'
cc: fatal error: no input files
compilation terminated.
configure:1684: $? = 4
configure:1704: checking for C compiler default output
configure:1707: cc    conftest.c  >&5
configure:1710: $? = 0
configure:1739: result: a.out
configure:1744: checking whether the C compiler works
configure:1750: ./a.out
configure:1753: $? = 0
configure:1768: result: yes
configure:1775: checking whether we are cross compiling
configure:1777: result: no
configure:1780: checking for executable suffix
configure:1782: cc -o conftest    conftest.c  >&5
configure:1785: $? = 0
configure:1807: result: 
configure:1813: checking for object suffix
configure:1831: cc -c   conftest.c >&5
configure:1834: $? = 0
configure:1853: result: o
configure:1857: checking whether we are using the GNU C compiler
configure:1878: cc -c   conftest.c >&5
configure:1881: $? = 0
configure:1884: test -s conftest.o
configure:1887: $? = 0
configure:1899: result: yes
configure:1905: checking whether cc accepts -g
configure:1923: cc -c -g  conftest.c >&5
configure:1926: $? = 0
configure:1929: test -s conftest.o
configure:1932: $? = 0
configure:1942: result: yes
configure:1969: cc -c -g -O2  conftest.c >&5
conftest.c:2:3: error: unknown type name 'choke'
   choke me
   ^
conftest.c:2:3: error: expected '=', ',', ';', 'asm' or '__attribute__' at end of input
configure:1972: $? = 1
configure: failed program was:
#ifndef __cplusplus
  choke me
#endif
configure:2070: checking whether we are using gcc 2.90 or later
configure:2084: cc -E conftest.c
configure:2087: $? = 0
configure:2095: result: yes
configure:2217: checking whether cc accepts -malign-double
configure:2236: result: yes
configure:2248: checking whether cc accepts -fstrict-aliasing
configure:2267: result: yes
configure:2587: checking whether cc accepts -O6 -fomit-frame-pointer -malign-double -fstrict-aliasing
configure:2606: result: yes
configure:2658: checking for perl
configure:2675: found /usr/bin/perl
configure:2687: result: /usr/bin/perl
configure:2706: checking for a BSD compatible install
configure:2755: result: /usr/bin/install -c
configure:2877: creating ./config.status

## ----------------------- ##
## Running config.status.  ##
## ----------------------- ##

This file was extended by config.status 2.52, executed with
  CONFIG_FILES    = 
  CONFIG_HEADERS  = 
  CONFIG_LINKS    = 
  CONFIG_COMMANDS = 
  > ./config.status 
on hanjun-Precision-T3610

config.status:3361: creating Makefile
config.status:3361: creating ga/Makefile
config.status:3361: creating wht_dp.prl
config.status:3361: creating retime.prl
config.status:3361: creating simplop.prl
config.status:3361: creating transpose.h
config.status:3361: creating parallel.h

## ----------------- ##
## Cache variables.  ##
## ----------------- ##

ac_cv_build='x86_64-unknown-linux-gnu'
ac_cv_build_alias='x86_64-unknown-linux-gnu'
ac_cv_c_compiler_gnu='yes'
ac_cv_env_CC_set=''
ac_cv_env_CC_value=''
ac_cv_env_CFLAGS_set=''
ac_cv_env_CFLAGS_value=''
ac_cv_env_CPPFLAGS_set=''
ac_cv_env_CPPFLAGS_value=''
ac_cv_env_LDFLAGS_set=''
ac_cv_env_LDFLAGS_value=''
ac_cv_env_build_alias_set=''
ac_cv_env_build_alias_value=''
ac_cv_env_host_alias_set=''
ac_cv_env_host_alias_value=''
ac_cv_env_target_alias_set=''
ac_cv_env_target_alias_value=''
ac_cv_host='x86_64-unknown-linux-gnu'
ac_cv_host_alias='x86_64-unknown-linux-gnu'
ac_cv_objext='o'
ac_cv_path_PERL='/usr/bin/perl'
ac_cv_path_install='/usr/bin/install -c'
ac_cv_prog_CC='cc'
ac_cv_prog_cc_g='yes'
ac_cv_prog_gcc_2_90='yes'
ac_cv_target='x86_64-unknown-linux-gnu'
ac_cv_target_alias='x86_64-unknown-linux-gnu'


configure: exit 0
